First run  1536  -155887.229868508  30096.4744337948  30096.4744337948  -593.18962829983
--------------------------------------------------------------------------------------
imc  pass  n_system  E_system  E_trial  vol_system  vol_GC  pr_system  prob_MC  iMCflag  n_MC  n_GCMC  iblock  prob1  prob2  atomid  status
4  1  1537  -155953.969005944  -155953.969005944  30096.4744337948  30096.4744337948  -242.919250167631  0.824336409568787  2  1  1  3  914072801.524043  0.28598153591156  add pass  1537  20.7554909294  17.5174175396  7.24632073679 0.00832629282426928  -0.000487226679175853  -0.00696015073041764
5  1  1537  -155953.969005944  -155828.34754113  30096.4744337948  30096.4744337948  -242.919250167631  0.576930642127991  1  1  1  2  1.39357416891457e-52  0.225047469139099  delete fail  1537
5  1  1537  -155902.394189273  -155902.394189273  30096.4744337948  30096.4744337948  355.895262123451  0.576930642127991  1  1  1  5  0  0  MD run
6  1  1537  -155902.394189273  -155886.909892806  30096.4744337948  30096.4744337948  355.895262123451  0.0126343369483948  0  1  1  1  5.24714556494822e-12  0.888370037078857  displace fail  1537  8.73675460578  10.3176913665  22.1450377113
7  1  1537  -155902.394189273  -155870.053451749  30096.4744337948  30096.4744337948  355.895262123451  0.301529884338379  0  1  1  1  2.75587519795183e-24  0.30255138874054  displace fail  1537  6.99292917143  0.847450602015  3.09170480318
8  1  1537  -155902.394189273  -155817.373291213  30096.4744337948  30096.4744337948  355.895262123451  0.630171418190002  1  1  1  2  5.26055781964869e-23  0.837088346481323  delete fail  1537
9  1  1537  -155902.394189273  -155817.373291213  30096.4744337948  30096.4744337948  355.895262123451  0.517517805099487  1  1  1  2  5.26055781964869e-23  0.138675570487976  delete fail  1537
10  1  1537  -155902.394189273  -155952.871644085  30096.4744337948  30096.4744337948  355.895262123451  0.819174647331238  2  1  1  3  0.00130108993686576  0.495520949363708  add fail  1538  6.52255752798  10.6500869408  7.7581497535 0.00125051526325504  0.0100336377928864  0.00217567225072627
10  1  1537  -155891.191614696  -155891.191614696  30096.4744337948  30096.4744337948  829.586393514393  0.819174647331238  2  1  1  5  0  0  MD run
11  1  1537  -155891.191614696  -155821.252271876  30096.4744337948  30096.4744337948  829.586393514393  0.403858125209808  1  1  1  2  5.10173345340789e-12  0.129523575305939  delete fail  1537
12  2  1538  -155959.067874567  -155959.067874567  30096.4744337948  30096.4744337948  -231.834271359298  0.832381367683411  2  2  2  3  6152829706.28639  0.896998345851898  add pass  1538  5.76394801898  27.5955275755  17.1664787953 0.00258132789935086  -0.00641562802070829  -0.0046546842184297
13  3  1539  -156023.937551528  -156023.937551528  30096.4744337948  30096.4744337948  3414.29513921744  0.814430713653564  2  3  3  3  39677309.9084303  0.369635105133057  add pass  1539  10.9869989291  19.9391471498  31.9614700354 -0.00354792146522281  0.00844184167582237  -0.00339936891183033
14  3  1539  -156023.937551528  -156018.416431127  30096.4744337948  30096.4744337948  3414.29513921744  0.230814278125763  0  3  3  1  9.50488569746627e-05  0.490486204624176  displace fail  1537  7.08075500946  -5.70046952416  -5.93592115422
15  4  1539  -156027.38685818  -156027.38685818  30096.4744337948  30096.4744337948  3235.92035546611  0.319210767745972  0  3  3  1  325.662665179636  0.366016209125519  displace pass  1537  -11.360537478  -3.41702493411  -2.25193415194
15  4  1539  -156084.034016271  -156084.034016271  30096.4744337948  30096.4744337948  5086.77366895965  0.319210767745972  0  3  3  5  0  0  MD run
16  4  1539  -156084.034016271  -155979.209838098  30096.4744337948  30096.4744337948  5086.77366895965  0.608787655830383  1  3  3  2  1.97335441511539e-37  0.65721732378006  delete fail  1537
17  4  1539  -156084.034016271  -156117.151200496  30096.4744337948  30096.4744337948  5086.77366895965  0.973115980625153  2  3  3  3  2.93121137958488e-16  0.00628715753555298  add fail  1540  8.43414632638  12.6501264513  30.3306978457 -0.00485911927747192  -0.00603981235272966  -0.00884776096787975
18  4  1539  -156084.034016271  -156027.652842554  30096.4744337948  30096.4744337948  5086.77366895965  0.172289192676544  0  3  3  1  8.45597452471936e-42  0.512764573097229  displace fail  1539  3.54353719338  3.9201330616  4.57577515394
19  4  1539  -156084.034016271  -156119.896650387  30096.4744337948  30096.4744337948  5086.77366895965  0.960480690002441  2  3  3  3  2.93133906481542e-14  0.379713594913483  add fail  1540  22.4889415429  14.5530847414  14.6975662236 0.00732325705206838  0.00500290396934754  -0.000206831367426594
20  4  1539  -156084.034016271  -156043.416847693  30096.4744337948  30096.4744337948  5086.77366895965  0.154512405395508  0  3  3  1  2.57634554132209e-30  0.476218223571777  displace fail  1537  19.9335094092  -5.65790802802  13.0854069586
20  4  1539  -156051.546200397  -156051.546200397  30096.4744337948  30096.4744337948  2426.56160244514  0.154512405395508  0  3  3  5  0  0  MD run
21  5  1538  -156034.561394124  -156034.561394124  30096.4744337948  30096.4744337948  2823.07407910805  0.36145031452179  1  2  2  2  1.92692696695074e+27  0.222319781780243  delete  pass  1538
22  5  1538  -156034.561394124  -156084.446976132  30096.4744337948  30096.4744337948  2823.07407910805  0.996922731399536  2  2  2  3  0.000481786476475624  0.293479442596436  add fail  1539  9.62570336686  15.5353236198  28.1658952359 -0.00933226580710868  -0.00887887460623621  -0.00226886958533459
23  6  1539  -156097.99368958  -156097.99368958  30096.4744337948  30096.4744337948  1179.02315762732  0.822633266448975  2  3  3  3  3559847.80174682  0.956433653831482  add pass  1539  6.28736223849  29.4790554733  31.0062752777 0.000289288635996048  -0.00545681007945962  -0.00636587367766759
24  7  1540  -156196.185305455  -156196.185305455  30096.4744337948  30096.4744337948  -970.196967560692  0.72781229019165  2  4  4  3  7.46089648849009e+31  0.399523079395294  add pass  1540  26.7138111764  29.7901218314  0.958976166167 -0.00413083833287377  -0.000747059040930462  -0.00772718354634742
25  7  1540  -156196.185305455  -156223.134785457  30096.4744337948  30096.4744337948  -970.196967560692  0.744405627250671  2  4  4  3  9.41207843166455e-21  0.108484268188477  add fail  1541  26.309532261  6.44923515498  4.78059198908 0.00969092484775474  0.00587736343868048  0.00399845962331325
25  7  1540  -156147.031559984  -156147.031559984  30096.4744337948  30096.4744337948  2337.56858775284  0.744405627250671  2  4  4  5  0  0  MD run
26  8  1539  -156108.362022634  -156108.362022634  30096.4744337948  30096.4744337948  4456.03006673151  0.562353730201721  1  3  3  2  307713954356.926  0.471340417861938  delete  pass  1540
27  9  1540  -156184.817928642  -156184.817928642  30096.4744337948  30096.4744337948  1228.30986892456  0.676845133304596  2  4  4  3  1.09308408011407e+16  0.88873279094696  add pass  1540  21.5490009836  16.7200952195  25.739413143 -0.00511194342741228  -0.00906547103075587  -0.00285783416102589
28  9  1540  -156184.817928642  -156118.490409579  30096.4744337948  30096.4744337948  1228.30986892456  0.246821403503418  0  4  4  1  4.80176394129544e-49  0.48863559961319  displace fail  1540  -18.8245788508  0.797662852676  -17.6217063087
29  9  1540  -156184.817928642  -156190.233689032  30096.4744337948  30096.4744337948  1228.30986892456  0.962564885616302  2  4  4  3  1.93506230166852e-36  0.751580476760864  add fail  1541  6.48130725856  21.6699693065  1.28317561211 0.00722601594706143  -0.00819883545878741  -0.00631226989295569
30  9  1540  -156184.817928642  -156113.674744594  30096.4744337948  30096.4744337948  1228.30986892456  0.180456876754761  0  4  4  1  1.49025763561177e-52  0.309149026870728  displace fail  1538  19.1145646272  -1.48378527558  26.0669527072
30  9  1540  -156124.348384295  -156124.348384295  30096.4744337948  30096.4744337948  -437.519855821206  0.180456876754761  0  4  4  5  0  0  MD run
31  10  1541  -156203.307003849  -156203.307003849  30096.4744337948  30096.4744337948  2313.11918539618  0.86167186498642  2  5  5  3  7.2704416896529e+17  0.615959525108337  add pass  1541  4.39427943371  14.4945451042  21.8419162814 -0.00960820888680288  0.00976747551321973  -0.00878901304182205
32  10  1541  -156203.307003849  -156084.749774764  30096.4744337948  30096.4744337948  2313.11918539618  0.645606398582458  1  5  5  2  1.95635762761187e-47  0.616621851921082  delete fail  1538
33  10  1541  -156203.307003849  -156084.749774764  30096.4744337948  30096.4744337948  2313.11918539618  0.450398564338684  1  5  5  2  1.95635762761187e-47  0.759040534496307  delete fail  1538
34  10  1541  -156203.307003849  -156237.592304456  30096.4744337948  30096.4744337948  2313.11918539618  0.737183332443237  2  5  5  3  2.07701046858857e-15  0.966233372688293  add fail  1542  14.8424375828  21.3314078287  20.5795539542 0.00964370791803426  0.00510296222202125  -0.00683104590292152
35  10  1541  -156203.307003849  -156230.844179162  30096.4744337948  30096.4744337948  2313.11918539618  0.686879217624664  2  5  5  3  2.52075704650271e-20  0.957632184028625  add fail  1542  4.34203030027  24.5256129817  12.3334155864 0.00718396172512567  -0.00406643135623066  -0.00835900565189878
35  10  1541  -156163.714832877  -156163.714832877  30096.4744337948  30096.4744337948  1221.26380085  0.686879217624664  2  5  5  5  0  0  MD run
36  11  1542  -156247.835711395  -156247.835711395  30096.4744337948  30096.4744337948  2815.74730723638  0.679435908794403  2  6  6  3  4.18703901088322e+21  0.620662987232208  add pass  1542  17.7076022938  6.62947871998  10.1905086774 -0.00323265590564054  -0.005082398034264  0.00458781656974724
37  12  1543  -156385.017681933  -156385.017681933  30096.4744337948  30096.4744337948  1370.06382890418  0.70620983839035  2  7  7  3  1.88726224005422e+60  0.100320339202881  add pass  1543  12.1191790518  22.3062094085  25.2046241678 -0.000361377167305196  -0.00461492109505774  -0.00598514409218588
38  12  1543  -156385.017681933  -156251.124509977  30096.4744337948  30096.4744337948  1370.06382890418  0.392445206642151  1  7  7  2  1.31828105000713e-58  0.876201629638672  delete fail  1538
39  12  1543  -156385.017681933  -156410.519254804  30096.4744337948  30096.4744337948  1370.06382890418  0.878546714782715  2  7  7  3  8.28061000517724e-22  0.711439251899719  add fail  1544  22.8673151159  2.48386797259  7.28421365999 0.00470959012939179  -0.0037506706916103  0.00376952181593574
40  12  1543  -156385.017681933  -156403.469768332  30096.4744337948  30096.4744337948  1370.06382890418  0.86266428232193  2  7  7  3  6.06202263546143e-27  0.228240728378296  add fail  1544  26.3321789128  13.5195816731  19.4479541275 -0.00494897836636086  0.0067963885502549  -0.00297959781856966
40  12  1543  -156330.479767021  -156330.479767021  30096.4744337948  30096.4744337948  887.062941589134  0.86266428232193  2  7  7  5  0  0  MD run
41  13  1544  -156408.919112607  -156408.919112607  30096.4744337948  30096.4744337948  2165.10544709386  0.872333407402039  2  8  8  3  3.03691662786149e+17  0.14857941865921  add pass  1544  12.1420719027  5.30643080552  4.51569513524 0.00824189598171309  -0.00795917862733516  0.0019802146837873
42  14  1545  -156507.528535349  -156507.528535349  30096.4744337948  30096.4744337948  2823.59532932665  0.772429525852203  2  9  9  3  1.49881925947564e+32  0.710344731807709  add pass  1545  16.5767839255  0.125255872961  4.5203963066 0.00661863717724079  0.00428599434971184  -0.00738998483357758
43  15  1546  -156605.981573833  -156605.981573833  30096.4744337948  30096.4744337948  3238.35244235899  0.796341240406036  2  10  10  3  1.15224459965535e+32  0.20075136423111  add pass  1546  19.5907852366  27.2561903135  0.631224187704 -0.000562524728894457  -0.00557275501504319  0.00767626075541681
44  15  1546  -156605.981573833  -156532.035003631  30096.4744337948  30096.4744337948  3238.35244235899  0.625118553638458  1  10  10  2  6.18085507446385e-15  0.306165516376495  delete fail  1540
45  16  1547  -156679.05110132  -156679.05110132  30096.4744337948  30096.4744337948  3814.38440234299  0.731119275093079  2  11  11  3  37132842858665  0.791605770587921  add pass  1547  4.98736337963  15.7381067329  3.80883111928 0.00681070079914362  0.00380802861027356  -0.0080659331756491
45  16  1547  -156668.290719555  -156668.290719555  30096.4744337948  30096.4744337948  5404.11424545093  0.731119275093079  2  11  11  5  0  0  MD run
46  16  1547  -156668.290719555  -156665.967621133  30096.4744337948  30096.4744337948  5404.11424545093  0.00847703218460083  0  11  11  1  0.0203075611525249  0.824749410152435  displace fail  1541  21.1237095073  -7.67653965093  -10.1420617839
47  16  1547  -156668.290719555  -156650.007700136  30096.4744337948  30096.4744337948  5404.11424545093  0.0817932486534119  0  11  11  1  4.79839031388303e-14  0.748614847660065  displace fail  1538  -5.60858747597  1.6828191297  19.1846418835
48  16  1547  -156668.290719555  -156660.732512928  30096.4744337948  30096.4744337948  5404.11424545093  0.150713562965393  0  11  11  1  3.11860411530386e-06  0.00696378946304321  displace fail  1539  1.00459076001  -3.09550751793  -17.2972262936
49  16  1547  -156668.290719555  -156591.298311708  30096.4744337948  30096.4744337948  5404.11424545093  0.500994265079498  1  11  11  2  3.73665076790346e-17  0.614618897438049  delete fail  1545
50  16  1547  -156668.290719555  -156654.385070811  30096.4744337948  30096.4744337948  5404.11424545093  0.133665859699249  0  11  11  1  7.4121502619371e-11  0.846120417118073  displace fail  1545  2.76057280805  1.12487372192  26.3161911586
50  16  1547  -156670.754583056  -156670.754583056  30096.4744337948  30096.4744337948  3419.60304142531  0.133665859699249  0  11  11  5  0  0  MD run
51  16  1547  -156670.754583056  -156633.500278075  30096.4744337948  30096.4744337948  3419.60304142531  0.255491673946381  0  11  11  1  7.25771013453388e-28  0.342541813850403  displace fail  1542  -5.08134627142  -5.68925355455  -8.68471849841
52  16  1547  -156670.754583056  -156701.848975251  30096.4744337948  30096.4744337948  3419.60304142531  0.887385666370392  2  11  11  3  9.79993867894337e-18  0.69864147901535  add fail  1548  25.0493511313  26.4618032843  3.6539114279 -0.00756934653572808  -0.00756223187633066  0.00056506337997728
53  16  1547  -156670.754583056  -156564.75265645  30096.4744337948  30096.4744337948  3419.60304142531  0.402271568775177  1  11  11  2  2.75096320144127e-38  0.9073326587677  delete fail  1545
54  16  1547  -156670.754583056  -156636.550465631  30096.4744337948  30096.4744337948  3419.60304142531  0.21743631362915  0  11  11  1  1.21008349757503e-25  0.357437133789062  displace fail  1538  -3.69466968398  3.95806843246  16.5056200465
55  16  1547  -156670.754583056  -156564.75265645  30096.4744337948  30096.4744337948  3419.60304142531  0.642530560493469  1  11  11  2  2.75096320144127e-38  0.999549686908722  delete fail  1545
55  16  1547  -156638.44058911  -156638.44058911  30096.4744337948  30096.4744337948  3179.40849163049  0.642530560493469  1  11  11  5  0  0  MD run
56  17  1548  -156787.66576607  -156787.66576607  30096.4744337948  30096.4744337948  2884.01618341256  0.708799958229065  2  12  12  3  1.11614806246748e+69  0.539704203605652  add pass  1548  22.9050641122  19.204611876  10.9501851638 -0.0092498667133812  0.00354339496741202  0.00456042364575207
57  17  1548  -156787.66576607  -156697.12368019  30096.4744337948  30096.4744337948  2884.01618341256  0.25585925579071  0  12  12  1  1.10015375958629e-66  0.815148770809174  displace fail  1548  5.07711381227  1.41511628074  12.4144411559
58  17  1548  -156787.66576607  -156802.726603988  30096.4744337948  30096.4744337948  2884.01618341256  0.675348162651062  2  12  12  3  2.04521967872715e-29  0.561280429363251  add fail  1549  0.569443642761  2.92604922764  16.2706969267 -0.00277499937486488  0.00115840097091756  0.00135556665023793
59  17  1548  -156787.66576607  -156721.210730711  30096.4744337948  30096.4744337948  2884.01618341256  0.293650150299072  0  12  12  1  3.87710090334289e-49  0.373373508453369  displace fail  1547  7.84850888842  -6.34965011326  21.3099041485
60  17  1548  -156787.66576607  -156790.69598079  30096.4744337948  30096.4744337948  2884.01618341256  0.878470778465271  2  12  12  3  3.52056253310894e-38  0.863548755645752  add fail  1549  16.4284898119  10.3975180536  21.263259222 0.0084816691628493  -0.00296253278566915  0.0101864853824843
60  17  1548  -156732.905546324  -156732.905546324  30096.4744337948  30096.4744337948  2883.69763149065  0.878470778465271  2  12  12  5  0  0  MD run
61  17  1548  -156732.905546324  -156689.63939772  30096.4744337948  30096.4744337948  2883.69763149065  0.230364620685577  0  12  12  1  3.0287403068355e-32  0.945435702800751  displace fail  1546  -8.72887381991  -24.3397199929  9.13557368056
62  17  1548  -156732.905546324  -156770.265125704  30096.4744337948  30096.4744337948  2883.69763149065  0.783585727214813  2  12  12  3  3.58952886263018e-13  0.281723618507385  add fail  1549  24.2884606895  10.0099558352  6.29491608141 0.00277976104756875  0.00545214990328856  0.00711647767067079
63  17  1548  -156732.905546324  -156751.500688212  30096.4744337948  30096.4744337948  2883.69763149065  0.795821309089661  2  12  12  3  7.68116690777903e-27  0.603736996650696  add fail  1549  29.2585437398  20.0192767299  20.9324494532 0.00453289828115921  0.00526631965381534  -0.0102063910805409
64  17  1548  -156732.905546324  -156682.999940588  30096.4744337948  30096.4744337948  2883.69763149065  0.306793630123138  0  12  12  1  4.41080097441516e-37  0.946276724338531  displace fail  1543  11.3496909353  -14.6513045745  -3.45108069534
65  17  1548  -156732.905546324  -156769.213004935  30096.4744337948  30096.4744337948  2883.69763149065  0.733638882637024  2  12  12  3  6.14586911863291e-14  0.788503885269165  add fail  1549  27.7113980134  18.1404715587  11.1379574229 0.00774026545921647  -0.00662043688405427  -0.00372241999813664
65  17  1548  -156703.168203428  -156703.168203428  30096.4744337948  30096.4744337948  2269.76940076619  0.733638882637024  2  12  12  5  0  0  MD run
66  18  1548  -156702.386729177  -156702.386729177  30096.4744337948  30096.4744337948  1138.32887235425  0.19780832529068  0  12  12  1  0.269592478763911  0.155757784843445  displace pass  1542  5.83456408586  7.90958718245  -2.08758782137
67  19  1548  -156719.133646249  -156719.133646249  30096.4744337948  30096.4744337948  1049.11445410253  0.094620943069458  0  12  12  1  1584444355796.04  0.878848910331726  displace pass  1541  12.6170492089  -4.77508800022  -13.727649398
68  19  1548  -156719.133646249  -156732.021302831  30096.4744337948  30096.4744337948  1049.11445410253  0.874591588973999  2  12  12  3  5.34084621328907e-31  0.0599856376647949  add fail  1549  22.7601658378  1.6374798356  31.5561328158 0.00443147725186813  0.00160747238033266  -0.0072484701983016
69  19  1548  -156719.133646249  -156665.015917068  30096.4744337948  30096.4744337948  1049.11445410253  0.319772005081177  0  12  12  1  3.7674625002403e-40  0.73162966966629  displace fail  1539  7.0504966875  -3.81369199129  -12.3518988607
70  19  1548  -156719.133646249  -156600.006951292  30096.4744337948  30096.4744337948  1049.11445410253  0.334424316883087  1  12  12  2  7.5608261133235e-48  0.684511780738831  delete fail  1541
70  19  1548  -156672.484523612  -156672.484523612  30096.4744337948  30096.4744337948  3045.73037667723  0.334424316883087  1  12  12  5  0  0  MD run
71  20  1549  -156802.897465667  -156802.897465667  30096.4744337948  30096.4744337948  777.944985068045  0.991424858570099  2  13  13  3  2.20298431423713e+55  0.666042506694794  add pass  1549  27.9815870339  2.11253226531  16.0775105373 0.0060734015162766  0.00844191099052772  0.00423760649657628
72  21  1550  -156879.581071889  -156879.581071889  30096.4744337948  30096.4744337948  2738.81850407014  0.766979396343231  2  14  14  3  1.59117801705422e+16  0.126598536968231  add pass  1550  17.1801645643  22.3358155624  29.187045441 -0.00653773330072837  -0.00154608183113413  0.00240118145571497
73  21  1550  -156879.581071889  -156819.94252086  30096.4744337948  30096.4744337948  2738.81850407014  0.235842943191528  0  14  14  1  3.58272379519051e-44  0.200586080551147  displace fail  1543  14.3605726755  -8.46347685787  -0.0496266253294
74  21  1550  -156879.581071889  -156786.585989945  30096.4744337948  30096.4744337948  2738.81850407014  0.461256802082062  1  14  14  2  8.23411080168347e-29  0.00379633903503418  delete fail  1544
75  21  1550  -156879.581071889  -156847.32872443  30096.4744337948  30096.4744337948  2738.81850407014  0.27880322933197  0  14  14  1  3.19632092613127e-24  0.637913286685944  displace fail  1541  3.22777276431  -1.93749117345  1.6282473139
75  21  1550  -156858.749682992  -156858.749682992  30096.4744337948  30096.4744337948  5107.00861256581  0.27880322933197  0  14  14  5  0  0  MD run
76  22  1551  -156972.990212195  -156972.990212195  30096.4744337948  30096.4744337948  -888.734382866528  0.759221494197845  2  15  15  3  3.63991891527833e+43  0.570314347743988  add pass  1551  16.2720401541  13.3862014354  4.40800764036 -0.00940946877346135  -0.00196557566557346  -0.008609741696341
77  23  1552  -157070.527375822  -157070.527375822  30096.4744337948  30096.4744337948  3385.70300720659  0.707382023334503  2  16  16  3  2.46979784621904e+31  0.753057599067688  add pass  1552  9.86196910562  24.5617606992  22.8061622261 0.00702283102824041  -0.00237306444060158  0.00983368095891373
78  23  1552  -157070.527375822  -156952.721990002  30096.4744337948  30096.4744337948  3385.70300720659  0.349211931228638  1  16  16  2  6.95414636378915e-47  0.121494293212891  delete fail  1546
79  23  1552  -157070.527375822  -156948.155595115  30096.4744337948  30096.4744337948  3385.70300720659  0.580193996429443  1  16  16  2  3.27864119129047e-50  0.52470737695694  delete fail  1547
80  23  1552  -157070.527375822  -157007.532197281  30096.4744337948  30096.4744337948  3385.70300720659  0.151978313922882  0  16  16  1  1.28517039821982e-46  0.661942780017853  displace fail  1552  0.641411197238  -8.79990316511  -22.0277121419
80  23  1552  -157026.694359916  -157026.694359916  30096.4744337948  30096.4744337948  4652.39953595309  0.151978313922882  0  16  16  5  0  0  MD run
81  24  1553  -157110.973257144  -157110.973257144  30096.4744337948  30096.4744337948  3939.67100147669  0.726489067077637  2  17  17  3  5.4191874907757e+21  0.0227068662643433  add pass  1553  18.5430280109  21.0203438445  17.2232431491 -0.00809262181272759  0.0091832206242033  -0.00503899217557424
82  24  1553  -157110.973257144  -157097.014895062  30096.4744337948  30096.4744337948  3939.67100147669  0.0858505964279175  0  17  17  1  6.78489828976399e-11  0.592863321304321  displace fail  1537  17.8845501077  -13.7937152172  14.8744129133
83  24  1553  -157110.973257144  -157041.500295507  30096.4744337948  30096.4744337948  3939.67100147669  0.648625433444977  1  17  17  2  1.12711187148661e-11  0.898987054824829  delete fail  1549
84  24  1553  -157110.973257144  -157103.286409372  30096.4744337948  30096.4744337948  3939.67100147669  0.089707612991333  0  17  17  1  2.51331608082363e-06  0.371436536312103  displace fail  1545  13.8037681394  1.20688057987  4.4196435374
85  25  1553  -157122.400381869  -157122.400381869  30096.4744337948  30096.4744337948  2333.36650047955  0.279302060604095  0  17  17  1  211100055.273824  0.557522475719452  displace pass  1553  7.88066854593  -11.6507705344  -4.65941263988
85  25  1553  -157146.786617797  -157146.786617797  30096.4744337948  30096.4744337948  3160.31912674213  0.279302060604095  0  17  17  5  0  0  MD run
86  25  1553  -157146.786617797  -157037.504475758  30096.4744337948  30096.4744337948  3160.31912674213  0.363671839237213  1  17  17  2  1.12610362878337e-40  0.73624861240387  delete fail  1550
87  25  1553  -157146.786617797  -157191.881366982  30096.4744337948  30096.4744337948  3160.31912674213  0.934695065021515  2  17  17  3  1.54380561688399e-07  0.168638288974762  add fail  1554  7.67543644433  15.7405434998  23.8390226346 -0.00601794108767184  0.00226669731197995  -0.000614478576066902
88  25  1553  -157146.786617797  -157088.201797025  30096.4744337948  30096.4744337948  3160.31912674213  0.23936003446579  0  17  17  1  2.09816654667636e-43  0.365464985370636  displace fail  1541  -19.1988260591  17.4055199371  13.2683721058
89  25  1553  -157146.786617797  -157093.987500729  30096.4744337948  30096.4744337948  3160.31912674213  0.20566588640213  0  17  17  1  3.44063032799757e-39  0.0379676222801208  displace fail  1541  9.37824399467  -6.27068927046  24.6614133922
90  25  1553  -157146.786617797  -157174.568947556  30096.4744337948  30096.4744337948  3160.31912674213  0.717476665973663  2  17  17  3  3.77359834418853e-20  0.31971138715744  add fail  1554  24.0018559026  25.0974862404  26.4139294774 0.00479070195002022  0.00451895364776129  -0.000143464111363452
90  25  1553  -157110.563148163  -157110.563148163  30096.4744337948  30096.4744337948  2583.64046782175  0.717476665973663  2  17  17  5  0  0  MD run
91  26  1554  -157167.917151879  -157167.917151879  30096.4744337948  30096.4744337948  2202.70676509215  0.897992730140686  2  18  18  3  131.605791417272  0.761878073215485  add pass  1554  7.30230868567  11.0746809941  22.0111102701 -0.00257028210595096  0.00848116539347305  0.00517080646539135
92  27  1553  -157158.19457267  -157158.19457267  30096.4744337948  30096.4744337948  -1130.56371116643  0.630106806755066  1  17  17  2  3.79752590780437e+32  0.99289208650589  delete  pass  1544
93  27  1553  -157158.19457267  -157193.849734039  30096.4744337948  30096.4744337948  -1130.56371116643  0.924977958202362  2  17  17  3  2.05113851223033e-14  0.603798151016235  add fail  1554  30.4403947627  13.9815650578  18.9517861335 0.00868529596291681  0.00564143103487729  0.00679416924192165
94  27  1553  -157158.19457267  -157127.203238266  30096.4744337948  30096.4744337948  -1130.56371116643  0.295969545841217  0  17  17  1  2.65020461763573e-23  0.419618844985962  displace fail  1550  13.5916961653  -11.7981102681  -13.312967317
95  27  1553  -157158.19457267  -157209.225171046  30096.4744337948  30096.4744337948  -1130.56371116643  0.832530200481415  2  17  17  3  0.00325663734411518  0.19774067401886  add fail  1554  2.29109844338  23.665096457  0.694732881735 -0.00311278850039267  -0.00251322248807318  0.0103824640474759
95  27  1553  -157131.931931961  -157131.931931961  30096.4744337948  30096.4744337948  2372.03934279793  0.832530200481415  2  17  17  5  0  0  MD run
96  27  1553  -157131.931931961  -157152.775171457  30096.4744337948  30096.4744337948  2372.03934279793  0.99819540977478  2  17  17  3  3.32455002177655e-25  0.315747261047363  add fail  1554  6.62650874902  25.8749953407  17.9629122982 0.00397348900071697  -0.00195068414379016  0.00177881214310344
97  27  1553  -157131.931931961  -157023.486245426  30096.4744337948  30096.4744337948  2372.03934279793  0.488643109798431  1  17  17  2  4.5806129996155e-40  0.0330938100814819  delete fail  1539
98  27  1553  -157131.931931961  -157176.826305472  30096.4744337948  30096.4744337948  2372.03934279793  0.894302010536194  2  17  17  3  1.10311795758422e-07  0.602607429027557  add fail  1554  4.48147146446  14.4576191925  5.6467054202 0.00215957638593783  -0.000522713332781269  0.00239664753132863
99  27  1553  -157131.931931961  -157157.489617755  30096.4744337948  30096.4744337948  2372.03934279793  0.826111495494843  2  17  17  3  9.03932564423639e-22  0.919612348079681  add fail  1554  10.2730837188  16.8601835394  13.5817504297 -0.000635498260459211  -0.00320397075749595  0.00724951486993199
100  27  1553  -157131.931931961  -157176.053311145  30096.4744337948  30096.4744337948  2372.03934279793  0.872535824775696  2  17  17  3  3.0165270446352e-08  0.102310240268707  add fail  1554  17.8399955566  1.97432038543  32.0259455838 0.00611988197725292  0.00264888745732404  -0.00598408580516695
100  27  1553  -157097.865197823  -157097.865197823  30096.4744337948  30096.4744337948  -3886.25235054309  0.872535824775696  2  17  17  5  0  0  MD run
101  28  1554  -157218.311558556  -157218.311558556  30096.4744337948  30096.4744337948  3192.64760593719  0.861495196819305  2  18  18  3  1.20533382523567e+48  0.52682101726532  add pass  1554  15.3000498742  2.11278364773  18.7007991813 -0.00579058761641625  -0.000620227983321781  0.00102460997423587
102  28  1554  -157218.311558556  -157184.920141461  30096.4744337948  30096.4744337948  3192.64760593719  0.117682158946991  0  18  18  1  4.72993633288561e-25  0.851036190986633  displace fail  1548  3.87646655049  -10.3928745591  -7.67333016715
103  28  1554  -157218.311558556  -157207.194981995  30096.4744337948  30096.4744337948  3192.64760593719  0.282429873943329  0  18  18  1  7.97519509169591e-09  0.968952298164368  displace fail  1550  0.656908031526  -5.0133874268  -24.0416489272
104  28  1554  -157218.311558556  -157188.054362014  30096.4744337948  30096.4744337948  3192.64760593719  0.190736889839172  0  18  18  1  9.08004054298216e-23  0.153401434421539  displace fail  1554  7.55661405283  22.895519566  1.68586716574
105  28  1554  -157218.311558556  -157120.514817412  30096.4744337948  30096.4744337948  3192.64760593719  0.506817162036896  1  18  18  2  2.62300776559458e-32  0.0895623564720154  delete fail  1547
105  28  1554  -157198.592662323  -157198.592662323  30096.4744337948  30096.4744337948  -363.098086185475  0.506817162036896  1  18  18  5  0  0  MD run
106  29  1555  -157279.348756782  -157279.348756782  30096.4744337948  30096.4744337948  3688.64006949735  0.732680797576904  2  19  19  3  1.46915105564674e+19  0.271514177322388  add pass  1555  3.23233869019  24.4935151525  10.8767683456 0.00439237261819683  -0.00436139142043806  -0.00642707484918904
107  30  1556  -157345.638337461  -157345.638337461  30096.4744337948  30096.4744337948  3146.0522973276  0.803694844245911  2  20  20  3  424765984.796489  0.0321289896965027  add pass  1556  16.9542289328  7.68984196935  25.8733962504 0.00956337960112862  -0.00298236669349522  0.0102183057832826
108  30  1556  -157345.638337461  -157259.068727748  30096.4744337948  30096.4744337948  3146.0522973276  0.580991983413696  1  20  20  2  3.9641894138302e-24  0.210920214653015  delete fail  1542
109  30  1556  -157345.638337461  -157382.218976161  30096.4744337948  30096.4744337948  3146.0522973276  0.714195668697357  2  20  20  3  9.66837964035497e-14  0.937767863273621  add fail  1557  26.5557237804  25.0774245597  14.5516511532 -0.000124249084835007  0.00488269122833558  -0.00965537878154474
110  30  1556  -157345.638337461  -157255.457549327  30096.4744337948  30096.4744337948  3146.0522973276  0.565239727497101  1  20  20  2  9.2782330655293e-27  0.571822881698608  delete fail  1554
110  30  1556  -157331.076753122  -157331.076753122  30096.4744337948  30096.4744337948  2485.75366449631  0.565239727497101  1  20  20  5  0  0  MD run
111  31  1557  -157435.161811071  -157435.161811071  30096.4744337948  30096.4744337948  5611.20125026929  0.712705075740814  2  21  21  3  1.44979620477296e+36  0.907797813415527  add pass  1557  0.144042621141  16.0732307325  15.5659566718 -0.00952320925386281  -0.00722618552053697  0.00778919669013136
112  32  1557  -157448.355374199  -157448.355374199  30096.4744337948  30096.4744337948  3776.54814880389  0.220181226730347  0  21  21  1  4086129561.82228  0.0321699380874634  displace pass  1548  2.76701651689  -14.1687909865  -1.50437004902
113  33  1556  -157409.003407759  -157409.003407759  30096.4744337948  30096.4744337948  89.3047200252292  0.403190433979034  1  20  20  2  99032048749.415  0.297793865203857  delete  pass  1542
114  33  1556  -157409.003407759  -157344.969075859  30096.4744337948  30096.4744337948  89.3047200252292  0.279881536960602  0  20  20  1  2.24881191851549e-47  0.332789361476898  displace fail  1538  -3.3950647623  0.504064998272  23.9822217053
115  33  1556  -157409.003407759  -157346.521079196  30096.4744337948  30096.4744337948  89.3047200252292  0.0371811985969543  0  20  20  1  3.03783514841284e-46  0.0246261954307556  displace fail  1540  7.63368101082  -8.62944207712  -14.0337391361
115  33  1556  -157355.214069805  -157355.214069805  30096.4744337948  30096.4744337948  -1121.89043277807  0.0371811985969543  0  20  20  5  0  0  MD run
116  34  1555  -157311.967656738  -157311.967656738  30096.4744337948  30096.4744337948  1654.92005595089  0.480863094329834  1  19  19  2  144029349.764753  0.694106876850128  delete  pass  1549
117  34  1555  -157311.967656738  -157209.465903035  30096.4744337948  30096.4744337948  1654.92005595089  0.38288813829422  1  19  19  2  9.80726999470603e-36  0.0692118406295776  delete fail  1547
118  34  1555  -157311.967656738  -157364.197500612  30096.4744337948  30096.4744337948  1654.92005595089  0.76350063085556  2  19  19  3  0.0243132554592599  0.807148933410645  add fail  1556  9.23129447691  2.44472295846  12.4943908243 -0.00462879641375033  -0.00864955309245418  0.00654970246502431
119  34  1555  -157311.967656738  -157214.686638569  30096.4744337948  30096.4744337948  1654.92005595089  0.655636727809906  1  19  19  2  6.23412317947812e-32  0.161556422710419  delete fail  1550
120  34  1555  -157311.967656738  -157356.317657429  30096.4744337948  30096.4744337948  1654.92005595089  0.701316297054291  2  19  19  3  4.42075016188913e-08  0.634061634540558  add fail  1556  25.821028158  6.34551695871  6.11639905237 0.0103399902240203  -0.00327801124041779  -0.00850022569967708
120  34  1555  -157287.276935538  -157287.276935538  30096.4744337948  30096.4744337948  1693.35120440649  0.701316297054291  2  19  19  5  0  0  MD run
121  34  1555  -157287.276935538  -157255.344764214  30096.4744337948  30096.4744337948  1693.35120440649  0.167681455612183  0  19  19  1  5.46882306603485e-24  0.142925620079041  displace fail  1542  -23.5430984982  -1.80478706525  -10.2597046636
122  34  1555  -157287.276935538  -157184.25258983  30096.4744337948  30096.4744337948  1693.35120440649  0.466625332832336  1  19  19  2  4.08176241808106e-36  0.411194801330566  delete fail  1539
123  34  1555  -157287.276935538  -157321.454940016  30096.4744337948  30096.4744337948  1693.35120440649  0.679976880550385  2  19  19  3  1.71929282885974e-15  0.748947024345398  add fail  1556  27.4301543828  24.1987116252  17.751316503 0.00983297172094664  -0.0039692150064756  0.00362908403411765
124  34  1555  -157287.276935538  -157179.387530084  30096.4744337948  30096.4744337948  1693.35120440649  0.641370534896851  1  19  19  2  1.16607083338855e-39  0.777092456817627  delete fail  1555
125  34  1555  -157287.276935538  -157175.790684929  30096.4744337948  30096.4744337948  1693.35120440649  0.420374989509583  1  19  19  2  2.79561512411073e-42  0.499301552772522  delete fail  1548
125  34  1555  -157255.610546045  -157255.610546045  30096.4744337948  30096.4744337948  3366.53770352492  0.420374989509583  1  19  19  5  0  0  MD run
126  35  1554  -157217.660988776  -157217.660988776  30096.4744337948  30096.4744337948  2148.82324772846  0.337264060974121  1  18  18  2  1039564678066.25  0.438498198986053  delete  pass  1547
127  35  1554  -157217.660988776  -157198.075423545  30096.4744337948  30096.4744337948  2148.82324772846  0.0332962274551392  0  18  18  1  5.39772252170644e-15  0.100536406040192  displace fail  1547  25.2247629305  -10.310839773  -8.20356057647
128  35  1554  -157217.660988776  -157112.788268954  30096.4744337948  30096.4744337948  2148.82324772846  0.58403217792511  1  18  18  2  1.83677358770684e-37  0.264901518821716  delete fail  1544
129  36  1555  -157282.733518453  -157282.733518453  30096.4744337948  30096.4744337948  3224.55087751268  0.732739508152008  2  19  19  3  55185578.0642137  0.240460336208344  add pass  1555  12.9804636453  11.1588180115  24.3955246757 0.00473752766892886  -0.00549327456551528  0.00875449926961647
130  36  1555  -157282.733518453  -157208.083508065  30096.4744337948  30096.4744337948  3224.55087751268  0.379563629627228  1  19  19  2  1.91039810181906e-15  0.901541292667389  delete fail  1551
130  36  1555  -157288.194727596  -157288.194727596  30096.4744337948  30096.4744337948  -555.6150146595  0.379563629627228  1  19  19  5  0  0  MD run
131  36  1555  -157288.194727596  -157207.945836178  30096.4744337948  30096.4744337948  -555.6150146595  0.462885200977325  1  19  19  2  1.5937614901091e-19  0.155746161937714  delete fail  1553
132  36  1555  -157288.194727596  -157272.205103728  30096.4744337948  30096.4744337948  -555.6150146595  0.278934299945831  0  19  19  1  2.24801760293548e-12  0.247254967689514  displace fail  1547  5.75830829623  -11.7884129074  14.0482214294
133  36  1555  -157288.194727596  -157277.617100839  30096.4744337948  30096.4744337948  -555.6150146595  0.0530754923820496  0  19  19  1  1.96950974933028e-08  0.821586549282074  displace fail  1539  11.9305807536  -1.77155541301  -17.4065124857
134  36  1555  -157288.194727596  -157273.075415307  30096.4744337948  30096.4744337948  -555.6150146595  0.104158401489258  0  19  19  1  9.67851197908178e-12  0.427950978279114  displace fail  1551  4.83537774037  14.3816269111  2.94286558475
135  36  1555  -157288.194727596  -157274.302831196  30096.4744337948  30096.4744337948  -555.6150146595  0.214735150337219  0  19  19  1  7.58512235047509e-11  0.322900235652924  displace fail  1545  -15.0338755511  1.8681622535  11.4702032973
135  36  1555  -157283.0123539  -157283.0123539  30096.4744337948  30096.4744337948  4144.48374776057  0.214735150337219  0  19  19  5  0  0  MD run
136  36  1555  -157283.0123539  -157280.990383536  30096.4744337948  30096.4744337948  4144.48374776057  0.932828843593597  2  19  19  3  7.31497937356499e-42  0.90583336353302  add fail  1556  0.0517817325365  4.74563384931  9.61423902079 -0.0083072684131805  -0.0096447884847799  0.000853962120755836
137  36  1555  -157283.0123539  -157130.221093679  30096.4744337948  30096.4744337948  4144.48374776057  0.614975392818451  1  19  19  2  2.2719546210773e-72  0.0446449518203735  delete fail  1551
138  36  1555  -157283.0123539  -157136.804272372  30096.4744337948  30096.4744337948  4144.48374776057  0.579457879066467  1  19  19  2  1.41953541695197e-67  0.124217391014099  delete fail  1552
139  36  1555  -157283.0123539  -157200.714817182  30096.4744337948  30096.4744337948  4144.48374776057  0.262252748012543  0  19  19  1  1.11553536927398e-60  0.450866758823395  displace fail  1543  -9.20592370301  -14.6415498378  -8.43407459022
140  36  1555  -157283.0123539  -157291.188147706  30096.4744337948  30096.4744337948  4144.48374776057  0.698827087879181  2  19  19  3  1.96395166186455e-34  0.681622385978699  add fail  1556  23.341344086  27.8390155806  26.3639653577 0.00496364461535183  0.00666339343492195  -0.00052736113132639
140  36  1555  -157214.594169058  -157214.594169058  30096.4744337948  30096.4744337948  1927.11502278292  0.698827087879181  2  19  19  5  0  0  MD run
141  37  1555  -157230.578525015  -157230.578525015  30096.4744337948  30096.4744337948  995.358310093275  0.24347984790802  0  19  19  1  440922944014.755  0.959394335746765  displace pass  1551  -15.1083644145  11.5068980645  14.0827438884
142  38  1555  -157256.503294939  -157256.503294939  30096.4744337948  30096.4744337948  -992.126131194478  0.162486672401428  0  19  19  1  7.68784534492903e+18  0.376432001590729  displace pass  1554  -6.47293197244  1.57849672978  -1.97971161978
143  39  1556  -157319.082574903  -157319.082574903  30096.4744337948  30096.4744337948  -270.374318197369  0.985830307006836  2  20  20  3  841882.558795122  0.683675110340118  add pass  1556  30.2693143723  2.30155725274  14.6471427119 -0.000463950553572439  0.0059247524174017  -0.00103463461349469
144  39  1556  -157319.082574903  -157249.283734582  30096.4744337948  30096.4744337948  -270.374318197369  0.493114948272705  1  20  20  2  6.53743592454424e-12  0.0594503283500671  delete fail  1553
145  40  1556  -157323.667030741  -157323.667030741  30096.4744337948  30096.4744337948  747.133273060838  0.100239813327789  0  20  20  1  2186.2864699341  0.0961090922355652  displace pass  1554  12.479870919  25.4907336281  3.62203463705
145  40  1556  -157385.569745995  -157385.569745995  30096.4744337948  30096.4744337948  2722.8767440176  0.100239813327789  0  20  20  5  0  0  MD run
146  40  1556  -157385.569745995  -157224.470486827  30096.4744337948  30096.4744337948  2722.8767440176  0.560372054576874  1  20  20  2  2.01570364601583e-78  0.937287986278534  delete fail  1546
